0 info it worked if it ends with ok
1 verbose cli [ 'node', '/usr/local/bin/npm', 'run', 'build' ]
2 info using npm@1.1.32
3 info using node@v0.8.0
4 verbose config file /Users/khalid_jebbari/.npmrc
5 verbose config file /usr/local/etc/npmrc
6 verbose config file /usr/local/lib/node_modules/npm/npmrc
7 verbose read json /Users/khalid_jebbari/Documents/Javascript/browserify-paris-js/js/ui-components/package.json
8 error Error: ENOENT, open '/Users/khalid_jebbari/Documents/Javascript/browserify-paris-js/js/ui-components/package.json'
8 error  { [Error: ENOENT, open '/Users/khalid_jebbari/Documents/Javascript/browserify-paris-js/js/ui-components/package.json']
8 error   errno: 34,
8 error   code: 'ENOENT',
8 error   path: '/Users/khalid_jebbari/Documents/Javascript/browserify-paris-js/js/ui-components/package.json' }
9 error You may report this log at:
9 error     <http://github.com/isaacs/npm/issues>
9 error or email it to:
9 error     <npm-@googlegroups.com>
10 error System Darwin 12.5.0
11 error command "node" "/usr/local/bin/npm" "run" "build"
12 error cwd /Users/khalid_jebbari/Documents/Javascript/browserify-paris-js/js/ui-components
13 error node -v v0.8.0
14 error npm -v 1.1.32
15 error path /Users/khalid_jebbari/Documents/Javascript/browserify-paris-js/js/ui-components/package.json
16 error code ENOENT
17 error message ENOENT, open '/Users/khalid_jebbari/Documents/Javascript/browserify-paris-js/js/ui-components/package.json'
18 error errno 34
19 error 34 errno
20 verbose exit [ 34, true ]
